Setting up this machine as follows: 
  Processor:    IA32 at 1598 MHz (BUS clock = 125 MHz)
  Memory:       262144 Kbytes [0x00000000:0x10000000]
  User memory:  261712 Kbytes [0x00000000:0x0ff94000]
  PCI aperture: 45064 Kbytes [0xfc000000:0xfec02000]
  Node Id:      will get from the network!
  Setup:        18816 bytes
  Init:         7408 bytes
  OS code:      83024 bytes	data: 608 bytes	stack: 16384 bytes
  APP code:     13360 bytes	data: 16797696 bytes
IC::exc_pf[address=0x53e58955](cs=8,ip=0x002011ff,fl=92,err=S)
The running thread will now be terminated!
IC::exc_pf[address=0x53e58979](cs=8,ip=0xff70ed2a,fl=97,err=)
The running thread will now be terminated!
IC::exc_pf[address=0x53e58979](cs=8,ip=0xff70ed2a,fl=97,err=)
The running thread will now be terminated!
IC::exc_pf[address=0x53e58979](cs=8,ip=0xff70ed2a,fl=97,err=)
The running thread will now be terminated!
IC::exc_pf[address=0x53e58979](cs=8,ip=0xff70ed2a,fl=97,err=)
The running thread will now be terminated!
IC::exc_pf[address=0x53e58979](cs=8,ip=0xff70ed2a,fl=97,err=)
The running thread will now be terminated!
IC::exc_pf[address=0x53e58979](cs=8,ip=0xff70ed2a,fl=97,err=)
The running thread will now be terminated!
IC::exc_pf[address=0x53e58979](cs=8,ip=0xff70ed2a,fl=97,err=)
The running thread will now be terminated!
IC::exc_pf[address=0x53e58979](cs=8,ip=0xff70ed2a,fl=97,err=)
The running thread will now be terminated!
IC::exc_pf[address=0x53e58979](cs=8,ip=0xff70ed2a,fl=97,err=)
The running thread will now be terminated!
IC::exc_pf[address=0x53e58979](cs=8,ip=0xff70ed2a,fl=97,err=)
The running thread will now be terminated!
IC::exc_pf[address=0x53e58979](cs=8,ip=0xff70ed2a,fl=97,err=)
The running thread will now be terminated!
IC::exc_pf[address=0x53e58979](cs=8,ip=0xff70ed2a,fl=97,err=)
The running thread will now be terminated!
IC::exc_pf[address=0x53e58979](cs=8,ip=0xff70ed2a,fl=97,err=)
The running thread will now be terminated!
IC::exc_pf[address=0x53e58979](cs=8,ip=0xff70ed2a,fl=97,err=)
The running thread will now be terminated!
IC::exc_pf[address=0x53e58979](cs=8,ip=0xff70ed2a,fl=97,err=)
The running thread will now be terminated!
IC::exc_pf[address=0x53e58979](cs=8,ip=0xff70ed2a,fl=97,err=)
The running thread will now be terminated!
IC::exc_pf[address=0x53e58979](cs=8,ip=0xff70ed2a,fl=97,err=)
The running thread will now be terminated!
IC::exc_pf[address=0x53e58979](cs=8,ip=0xff70ed2a,fl=97,err=)
The running thread will now be terminated!
IC::exc_pf[address=0x53e58979](cs=8,ip=0xff70ed2a,fl=97,err=)
The running thread will now be terminated!
IC::exc_pf[address=0x53e58979](cs=8,ip=0xff70ed2a,fl=97,err=)
The running thread will now be terminated!
IC::exc_pf[address=0x53e58979](cs=8,ip=0xff70ed2a,fl=97,err=)
The running thread will now be terminated!
IC::exc_pf[address=0x53e58979](cs=8,ip=0xff70ed2a,fl=97,err=)
The running thread will now be terminated!
IC::exc_pf[address=0x53e58979](cs=8,ip=0xff70ed2a,fl=97,err=)
The running thread will now be terminated!
IC::exc_pf[address=0x53e58979](cs=8,ip=0xff70ed2a,fl=97,err=)
The running thread will now be terminated!
IC::exc_pf[address=0x53e58979](cs=8,ip=0xff70ed2a,fl=97,err=)
The running thread will now be terminated!
IC::exc_pf[address=0x53e58979](cs=8,ip=0xff70ed2a,fl=97,err=)
The running thread will now be terminated!
IC::exc_pf[address=0x53e58979](cs=8,ip=0xff70ed2a,fl=97,err=)
The running thread will now be terminated!
IC::exc_pf[address=0x53e58979](cs=8,ip=0xff70ed2a,fl=97,err=)
The running thread will now be terminated!
IC::exc_pf[address=0x53e58979](cs=8,ip=0xff70ed2a,fl=97,err=)
The running thread will now be terminated!
IC::exc_pf[address=0x53e58979](cs=8,ip=0xff70ed2a,fl=97,err=)
The running thread will now be terminated!
IC::exc_pf[address=0x53e58979](cs=8,ip=0xff70ed2a,fl=97,err=)
The running thread will now be terminated!
IC::exc_pf[address=0x53e58979](cs=8,ip=0xff70ed2a,fl=97,err=)
The running thread will now be terminated!
IC::exc_pf[address=0x53e58979](cs=8,ip=0xff70ed2a,fl=97,err=)
The running thread will now be terminated!
IC::exc_pf[address=0x53e58979](cs=8,ip=0xff70ed2a,fl=97,err=)
The running thread will now be terminated!
IC::exc_pf[address=0x53e58979](cs=8,ip=0xff70ed2a,fl=97,err=)
The running thread will now be terminated!
IC::exc_pf[address=0x53e58979](cs=8,ip=0xff70ed2a,fl=97,err=)
The running thread will now be terminated!
IC::exc_pf[address=0x53e58979](cs=8,ip=0xff70ed2a,fl=97,err=)
The running thread will now be terminated!
IC::exc_pf[address=0x53e58979](cs=8,ip=0xff70ed2a,fl=97,err=)
The running thread will now be terminated!
IC::exc_pf[address=0x53e58979](cs=8,ip=0xff70ed2a,fl=97,err=)
The running thread will now be terminated!
IC::exc_pf[address=0x53e58979](cs=8,ip=0xff70ed2a,fl=97,err=)
The running thread will now be terminated!
IC::exc_pf[address=0x53e58979](cs=8,ip=0xff70ed2a,fl=97,err=)
The running thread will now be terminated!
IC::exc_pf[address=0x53e58979](cs=8,ip=0xff70ed2a,fl=97,err=)
The running thread will now be terminated!
IC::exc_pf[address=0x53e58979](cs=8,ip=0xff70ed2a,fl=97,err=)
The running thread will now be terminated!
IC::exc_pf[address=0x53e58979](cs=8,ip=0xff70ed2a,fl=97,err=)
The running thread will now be terminated!
IC::exc_pf[address=0x53e58979](cs=8,ip=0xff70ed2a,fl=97,err=)
The running thread will now be terminated!
IC::exc_pf[address=0x53e58979](cs=8,ip=0xff70ed2a,fl=97,err=)
The running thread will now be terminated!
IC::exc_pf[address=0x53e58979](cs=8,ip=0xff70ed2a,fl=97,err=)
The running thread will now be terminated!
IC::exc_pf[address=0x53e58979](cs=8,ip=0xff70ed2a,fl=97,err=)
The running thread will now be terminated!
IC::exc_pf[address=0x53e58979](cs=8,ip=0xff70ed2a,fl=97,err=)
The running thread will now be terminated!
IC::exc_pf[address=0x53e58979](cs=8,ip=0xff70ed2a,fl=97,err=)
The running thread will now be terminated!
IC::exc_pf[address=0x53e58979](cs=8,ip=0xff70ed2a,fl=97,err=)
The running thread will now be terminated!
IC::exc_pf[address=0x53e58979](cs=8,ip=0xff70ed2a,fl=97,err=)
The running thread will now be terminated!
IC::exc_pf[address=0x53e58979](cs=8,ip=0xff70ed2a,fl=97,err=)
The running thread will now be terminated!
IC::exc_pf[address=0x53e58979](cs=8,ip=0xff70ed2a,fl=97,err=)
The running thread will now be terminated!
IC::exc_pf[address=0x53e58979](cs=8,ip=0xff70ed2a,fl=97,err=)
The running thread will now be terminated!
IC::exc_pf[address=0x53e58979](cs=8,ip=0xff70ed2a,fl=97,err=)
The running thread will now be terminated!
IC::exc_pf[address=0x53e58979](cs=8,ip=0xff70ed2a,fl=97,err=)
The running thread will now be terminated!
IC::exc_pf[address=0x53e58979](cs=8,ip=0xff70ed2a,fl=97,err=)
The running thread will now be terminated!
IC::exc_pf[address=0x53e58979](cs=8,ip=0xff70ed2a,fl=97,err=)
The running thread will now be terminated!
IC::exc_pf[address=0x53e58979](cs=8,ip=0xff70ed2a,fl=97,err=)
The running thread will now be terminated!
IC::exc_pf[address=0x53e58979](cs=8,ip=0xff70ed2a,fl=97,err=)
The running thread will now be terminated!
IC::exc_pf[address=0x53e58979](cs=8,ip=0xff70ed2a,fl=97,err=)
The running thread will now be terminated!
IC::exc_pf[address=0x53e58979](cs=8,ip=0xff70ed2a,fl=97,err=)
The running thread will now be terminated!
IC::exc_pf[address=0x53e58979](cs=8,ip=0xff70ed2a,fl=97,err=)
The running thread will now be terminated!
IC::exc_pf[address=0x53e58979](cs=8,ip=0xff70ed2a,fl=97,err=)
The running thread will now be terminated!
IC::exc_pf[address=0x53e58979](cs=8,ip=0xff70ed2a,fl=97,err=)
The running thread will now be terminated!
IC::exc_pf[address=0x53e58979](cs=8,ip=0xff70ed2a,fl=97,err=)
The running thread will now be terminated!
IC::exc_pf[address=0x53e58979](cs=8,ip=0xff70ed2a,fl=97,err=)
The running thread will now be terminated!
IC::exc_pf[address=0x53e58979](cs=8,ip=0xff70ed2a,fl=97,err=)
The running thread will now be terminated!
IC::exc_pf[address=0x53e58979](cs=8,ip=0xff70ed2a,fl=97,err=)
The running thread will now be terminated!
IC::exc_pf[address=0x53e58979](cs=8,ip=0xff70ed2a,fl=97,err=)
The running thread will now be terminated!
IC::exc_pf[address=0x53e58979](cs=8,ip=0xff70ed2a,fl=97,err=)
The running thread will now be terminated!
IC::exc_pf[address=0x53e58979](cs=8,ip=0xff70ed2a,fl=97,err=)
The running thread will now be terminated!
IC::exc_pf[address=0x53e58979](cs=8,ip=0xff70ed2a,fl=97,err=)
The running thread will now be terminated!
IC::exc_pf[address=0x53e58979](cs=8,ip=0xff70ed2a,fl=97,err=)
The running thread will now be terminated!
IC::exc_pf[address=0x53e58979](cs=8,ip=0xff70ed2a,fl=97,err=)
The running thread will now be terminated!
IC::exc_pf[address=0x53e58979](cs=8,ip=0xff70ed2a,fl=97,err=)
The running thread will now be terminated!
IC::exc_pf[address=0x53e58979](cs=8,ip=0xff70ed2a,fl=97,err=)
The running thread will now be terminated!
